Server running on port 5001
MongoDB Connected: ac-ddco1ks-shard-00-02.3z6ffcb.mongodb.net
[0mGET /api/products?limit=1000 [36m304[0m 58.924 ms - -[0m
[0mGET /api/products?limit=1000 [36m304[0m 48.817 ms - -[0m
[0mGET /api/products?limit=1000 [36m304[0m 47.192 ms - -[0m
[0mGET /api/products?limit=1000 [0m-[0m - ms - -[0m
[0mGET /api/products?limit=1000 [32m200[0m 50.023 ms - 507[0m
[0mGET /api/products?limit=1000 [36m304[0m 45.927 ms - -[0m
[0mGET /api/products?limit=1000 [36m304[0m 45.112 ms - -[0m
[0mGET /api/products?limit=1000 [36m304[0m 44.892 ms - -[0m
[0mGET /api/products?page=1&limit=10&keyword=&category=&sort=createdAt_desc [36m304[0m 47.050 ms - -[0m
[0mGET /api/products?page=1&limit=10&keyword=&category=&sort=createdAt_desc [36m304[0m 46.175 ms - -[0m
[0mGET /api/products?limit=1000 [36m304[0m 49.051 ms - -[0m
[0mGET /api/products?limit=1000 [36m304[0m 51.782 ms - -[0m
[0mGET /api/products?page=1&limit=10&keyword=&category=&sort=createdAt_desc [36m304[0m 114.813 ms - -[0m
[0mGET /api/products?page=1&limit=10&keyword=&category=&sort=createdAt_desc [36m304[0m 47.694 ms - -[0m
[0mGET /api/products?limit=1000 [36m304[0m 76.031 ms - -[0m
[0mGET /api/products?limit=1000 [36m304[0m 76.643 ms - -[0m
[0mGET /api/products?limit=1000 [36m304[0m 63.710 ms - -[0m
[0mGET /api/products?limit=1000 [36m304[0m 78.632 ms - -[0m
[0mGET /api/products?limit=1000 [31m500[0m 5008.055 ms - 178[0m
[0mGET /api/products?limit=1000 [31m500[0m 26320.352 ms - 178[0m
[0mGET /api/products?limit=1000 [31m500[0m 5004.783 ms - 178[0m
[0mGET /api/products?limit=1000 [31m500[0m 190207.097 ms - 178[0m
[0mGET /api/products?limit=1000 [31m500[0m 5002.412 ms - 178[0m
[0mGET /api/products?limit=1000 [31m500[0m 5002.620 ms - 178[0m
[0mGET /api/products?limit=1000 [31m500[0m 5009.639 ms - 178[0m
[0mGET /api/products?limit=1000 [31m500[0m 8175.872 ms - 178[0m
[0mGET /api/products?limit=1000 [31m500[0m 5005.904 ms - 178[0m
[0mGET /api/products?limit=1000 [31m500[0m 177916.591 ms - 178[0m
[0mGET /api/products?limit=1000 [31m500[0m 5003.545 ms - 178[0m
[0mGET /api/products?limit=1000 [31m500[0m 5002.232 ms - 178[0m
[0mGET /api/products?page=1&limit=10&search=&category=&sort=name [31m500[0m 5002.712 ms - 178[0m
[0mGET /api/products?limit=1000 [31m500[0m 5003.039 ms - 178[0m
[0mGET /api/products?page=1&limit=10&search=&category=&sort=name [31m500[0m 5003.086 ms - 178[0m
[0mGET /api/products?limit=1000 [31m500[0m 5002.393 ms - 178[0m
[0mGET /api/products?page=1&limit=10&search=&category=&sort=name [31m500[0m 5002.175 ms - 178[0m
[0mGET /api/products?limit=1000 [31m500[0m 5002.098 ms - 178[0m
[0mGET /api/products?page=1&limit=10&search=&category=&sort=name [31m500[0m 5003.076 ms - 178[0m
[0mGET /api/products?limit=1000 [31m500[0m 5002.267 ms - 178[0m
[0mGET /api/products?page=1&limit=10&search=&category=&sort=name [31m500[0m 5002.944 ms - 178[0m
[0mGET /api/products?limit=1000 [31m500[0m 5002.420 ms - 178[0m
[0mGET /api/products?page=1&limit=10&search=&category=&sort=name [31m500[0m 5002.181 ms - 178[0m
[0mGET /api/products?limit=1000 [31m500[0m 5002.784 ms - 178[0m
[0mGET /api/products?page=1&limit=10&search=&category=&sort=name [31m500[0m 5001.209 ms - 178[0m
[0mGET /api/products?limit=1000 [31m500[0m 5001.653 ms - 178[0m
[0mGET /api/products?page=1&limit=10&search=&category=&sort=name [31m500[0m 5001.722 ms - 178[0m
[0mGET /api/products?limit=1000 [31m500[0m 5001.797 ms - 178[0m
[0mGET /api/products?limit=1000 [31m500[0m 5001.615 ms - 178[0m
[0mGET /api/products?limit=1000 [31m500[0m 5001.848 ms - 178[0m
[0mGET /api/products?limit=1000 [31m500[0m 5003.529 ms - 178[0m
[0mGET /api/products?limit=1000 [31m500[0m 5002.270 ms - 178[0m
[0mGET /api/products?page=1&limit=10&search=&category=&sort=name [31m500[0m 5001.831 ms - 178[0m
[0mGET /api/products?page=1&limit=10&search=&category=&sort=name [31m500[0m 5002.601 ms - 178[0m
[0mGET /api/products?page=1&limit=10&search=&category=&sort=price [31m500[0m 5002.660 ms - 178[0m
[0mGET /api/products?limit=1000 [31m500[0m 5001.671 ms - 178[0m
[0mGET /api/products?limit=1000 [31m500[0m 5005.275 ms - 178[0m
[0mGET /api/products?limit=1000 [31m500[0m 5004.941 ms - 178[0m
[0mGET /api/products?limit=1000 [31m500[0m 5001.838 ms - 178[0m
[0mGET /api/products?limit=1000 [31m500[0m 5003.166 ms - 178[0m
[0mGET /api/products?limit=1000 [31m500[0m 5001.698 ms - 178[0m
[0mGET /api/products?limit=1000 [31m500[0m 5002.133 ms - 178[0m
[0mGET /api/products?page=1&limit=10&search=&category=&sort=name [31m500[0m 5002.443 ms - 178[0m
[0mGET /api/products?limit=1000 [31m500[0m 5002.568 ms - 178[0m
[0mGET /api/products?page=1&limit=10&search=&category=&sort=name [31m500[0m 5002.719 ms - 178[0m
[0mGET /api/products?limit=1000 [31m500[0m 5002.523 ms - 178[0m
[0mGET /api/products?limit=1000 [31m500[0m 5002.750 ms - 178[0m
